
> sales-management-system@1.0.0 dev
> nodemon app.js

[33m[nodemon] 3.1.14[39m
[33m[nodemon] to restart at any time, enter `rs`[39m
[33m[nodemon] watching path(s): *.*[39m
[33m[nodemon] watching extensions: js,mjs,cjs,json[39m
[32m[nodemon] starting `node app.js`[39m
◇ injected env (7) from .env // tip: ◈ secrets for agents [www.dotenvx.com]
◇ injected env (0) from .env // tip: ⌘ override existing { override: true }
PostgreSQL database connected successfully
Server is running on port 3000
[32m[nodemon] restarting due to changes...[39m
[32m[nodemon] starting `node app.js`[39m
◇ injected env (7) from .env // tip: ◈ secrets for agents [www.dotenvx.com]
◇ injected env (0) from .env // tip: ⌘ suppress logs { quiet: true }
PostgreSQL database connected successfully
Server is running on port 3000
[32m[nodemon] restarting due to changes...[39m
[32m[nodemon] starting `node app.js`[39m
◇ injected env (7) from .env // tip: ⌘ custom filepath { path: '/custom/path/.env' }
◇ injected env (0) from .env // tip: ⌘ suppress logs { quiet: true }
PostgreSQL database connected successfully
Server is running on port 3000
[32m[nodemon] restarting due to changes...[39m
[32m[nodemon] starting `node app.js`[39m
◇ injected env (7) from .env // tip: ⌘ suppress logs { quiet: true }
◇ injected env (0) from .env // tip: ⌘ suppress logs { quiet: true }
PostgreSQL database connected successfully
Server is running on port 3000
[32m[nodemon] restarting due to changes...[39m
[32m[nodemon] starting `node app.js`[39m
◇ injected env (7) from .env // tip: ◈ encrypted .env [www.dotenvx.com]
◇ injected env (0) from .env // tip: ⌘ custom filepath { path: '/custom/path/.env' }
PostgreSQL database connected successfully
Server is running on port 3000
[32m[nodemon] restarting due to changes...[39m
[32m[nodemon] starting `node app.js`[39m
◇ injected env (7) from .env // tip: ◈ secrets for agents [www.dotenvx.com]
◇ injected env (0) from .env // tip: ⌘ enable debugging { debug: true }
PostgreSQL database connected successfully
Server is running on port 3000
[32m[nodemon] restarting due to changes...[39m
[32m[nodemon] starting `node app.js`[39m
◇ injected env (7) from .env // tip: ⌘ suppress logs { quiet: true }
◇ injected env (0) from .env // tip: ◈ secrets for agents [www.dotenvx.com]
PostgreSQL database connected successfully
Server is running on port 3000
[32m[nodemon] restarting due to changes...[39m
[32m[nodemon] restarting due to changes...[39m
[32m[nodemon] starting `node app.js`[39m
◇ injected env (7) from .env // tip: ⌘ multiple files { path: ['.env.local', '.env'] }
◇ injected env (0) from .env // tip: ◈ secrets for agents [www.dotenvx.com]
[32m[nodemon] restarting due to changes...[39m
PostgreSQL database connected successfully
Server is running on port 3000
[32m[nodemon] starting `node app.js`[39m
◇ injected env (7) from .env // tip: ⌘ custom filepath { path: '/custom/path/.env' }
◇ injected env (0) from .env // tip: ⌘ override existing { override: true }
PostgreSQL database connected successfully
Server is running on port 3000
[32m[nodemon] restarting due to changes...[39m
[32m[nodemon] starting `node app.js`[39m
◇ injected env (7) from .env // tip: ⌘ multiple files { path: ['.env.local', '.env'] }
◇ injected env (0) from .env // tip: ⌘ multiple files { path: ['.env.local', '.env'] }
PostgreSQL database connected successfully
Server is running on port 3000
[32m[nodemon] restarting due to changes...[39m
[32m[nodemon] restarting due to changes...[39m
[32m[nodemon] restarting due to changes...[39m
[32m[nodemon] starting `node app.js`[39m
[32m[nodemon] restarting due to changes...[39m
◇ injected env (7) from .env // tip: ◈ secrets for agents [www.dotenvx.com]
◇ injected env (0) from .env // tip: ⌘ override existing { override: true }
[32m[nodemon] starting `node app.js`[39m
◇ injected env (7) from .env // tip: ◈ encrypted .env [www.dotenvx.com]
◇ injected env (0) from .env // tip: ⌘ multiple files { path: ['.env.local', '.env'] }
PostgreSQL database connected successfully
Server is running on port 3000
[32m[nodemon] restarting due to changes...[39m
[32m[nodemon] restarting due to changes...[39m
[32m[nodemon] restarting due to changes...[39m
[32m[nodemon] starting `node app.js`[39m
[32m[nodemon] restarting due to changes...[39m
[32m[nodemon] starting `node app.js`[39m
◇ injected env (7) from .env // tip: ⌘ custom filepath { path: '/custom/path/.env' }
◇ injected env (0) from .env // tip: ⌘ suppress logs { quiet: true }
PostgreSQL database connected successfully
Server is running on port 3000
[32m[nodemon] restarting due to changes...[39m
[32m[nodemon] starting `node app.js`[39m
◇ injected env (7) from .env // tip: ⌘ custom filepath { path: '/custom/path/.env' }
◇ injected env (0) from .env // tip: ⌁ auth for agents [www.vestauth.com]
PostgreSQL database connected successfully
Server is running on port 3000
[32m[nodemon] restarting due to changes...[39m
[32m[nodemon] starting `node app.js`[39m
◇ injected env (7) from .env // tip: ⌁ auth for agents [www.vestauth.com]
◇ injected env (0) from .env // tip: ⌁ auth for agents [www.vestauth.com]
PostgreSQL database connected successfully
Server is running on port 3000
[32m[nodemon] restarting due to changes...[39m
[32m[nodemon] restarting due to changes...[39m
[32m[nodemon] starting `node app.js`[39m
◇ injected env (7) from .env // tip: ⌘ override existing { override: true }
◇ injected env (0) from .env // tip: ⌘ enable debugging { debug: true }
PostgreSQL database connected successfully
Server is running on port 3000
[32m[nodemon] restarting due to changes...[39m
[32m[nodemon] restarting due to changes...[39m
[32m[nodemon] restarting due to changes...[39m
[32m[nodemon] restarting due to changes...[39m
[32m[nodemon] restarting due to changes...[39m
[32m[nodemon] restarting due to changes...[39m
[32m[nodemon] restarting due to changes...[39m
[32m[nodemon] starting `node app.js`[39m
[32m[nodemon] restarting due to changes...[39m
[32m[nodemon] starting `node app.js`[39m
◇ injected env (7) from .env // tip: ⌘ enable debugging { debug: true }
◇ injected env (0) from .env // tip: ◈ encrypted .env [www.dotenvx.com]
PostgreSQL database connected successfully
Server is running on port 3000
[32m[nodemon] restarting due to changes...[39m
[32m[nodemon] starting `node app.js`[39m
◇ injected env (7) from .env // tip: ⌘ custom filepath { path: '/custom/path/.env' }
◇ injected env (0) from .env // tip: ⌘ custom filepath { path: '/custom/path/.env' }
PostgreSQL database connected successfully
Server is running on port 3000
[32m[nodemon] restarting due to changes...[39m
[32m[nodemon] starting `node app.js`[39m
◇ injected env (7) from .env // tip: ⌘ override existing { override: true }
◇ injected env (0) from .env // tip: ⌘ override existing { override: true }
PostgreSQL database connected successfully
Server is running on port 3000
[32m[nodemon] restarting due to changes...[39m
[32m[nodemon] starting `node app.js`[39m
◇ injected env (7) from .env // tip: ⌘ enable debugging { debug: true }
◇ injected env (0) from .env // tip: ⌘ suppress logs { quiet: true }
PostgreSQL database connected successfully
Server is running on port 3000
[32m[nodemon] restarting due to changes...[39m
[32m[nodemon] restarting due to changes...[39m
[32m[nodemon] restarting due to changes...[39m
[32m[nodemon] restarting due to changes...[39m
[32m[nodemon] restarting due to changes...[39m
[32m[nodemon] restarting due to changes...[39m
[32m[nodemon] restarting due to changes...[39m
[32m[nodemon] restarting due to changes...[39m
[32m[nodemon] starting `node app.js`[39m
◇ injected env (7) from .env // tip: ⌘ custom filepath { path: '/custom/path/.env' }
◇ injected env (0) from .env // tip: ⌁ auth for agents [www.vestauth.com]
PostgreSQL database connected successfully
Server is running on port 3000
